#
# A fatal error has been detected by the Java Runtime Environment:
#
#  EXCEPTION_ACCESS_VIOLATION (0xc0000005) at pc=0x00000000032fec97, pid=10856, tid=0x0000000000005880
#
# JRE version: Java(TM) SE Runtime Environment (8.0_241-b07) (build 1.8.0_241-b07)
# Java VM: Java HotSpot(TM) 64-Bit Server VM (25.241-b07 mixed mode windows-amd64 compressed oops)
# Problematic frame:
# v  ~BufferBlob::vtable chunks
#
# Failed to write core dump. Minidumps are not enabled by default on client versions of Windows
#
# If you would like to submit a bug report, please visit:
#   http://bugreport.java.com/bugreport/crash.jsp
#

---------------  T H R E A D  ---------------

Current thread (0x00000000030f4800):  JavaThread "main" [_thread_in_Java, id=22656, stack(0x0000000002ff0000,0x00000000030f0000)]

siginfo: ExceptionCode=0xc0000005, reading address 0x00000000ba8675c8

Registers:
RAX=0x00000000ba867400, RBX=0x00000000173b7080, RCX=0x000000001750ce80, RDX=0x00000000030ef588
RSP=0x00000000030ef518, RBP=0x00000000030ef5b8, RSI=0x0000000000000000, RDI=0x000000010023e680
R8 =0x0000000000000004, R9 =0x0000000002ee8030, R10=0x000000006d2dd7b0, R11=0x0000000003449da0
R12=0x0000000000000000, R13=0x00000000030ef570, R14=0x00000000030ef5e8, R15=0x00000000030f4800
RIP=0x00000000032fec97, EFLAGS=0x0000000000010206

Top of Stack: (sp=0x00000000030ef518)
0x00000000030ef518:   0000000003449dd4 0000000000000000
0x00000000030ef528:   00000000000000b8 00000000030ef5b8
0x00000000030ef538:   000000000321565e 000000010023e600
0x00000000030ef548:   00000000000000b8 00000000030ef5b8
0x00000000030ef558:   00000000031f80e0 0000000000000000
0x00000000030ef568:   00000000031f80e0 00000000030ef588
0x00000000030ef578:   00000000030ef578 000000001750bea1
0x00000000030ef588:   00000000030ef5e8 000000001750ce80
0x00000000030ef598:   0000000000000000 000000001750bee0
0x00000000030ef5a8:   00000000030ef570 00000000030ef5e0
0x00000000030ef5b8:   00000000030ef630 00000000031f835d
0x00000000030ef5c8:   0000000000000000 0000000000000000
0x00000000030ef5d8:   0000000000000000 00000000030ef588
0x00000000030ef5e8:   00000000816f6c30 00000000030ef5f0
0x00000000030ef5f8:   0000000017a904ef 00000000030ef660
0x00000000030ef608:   0000000017a90608 0000000000000000 

Instructions: (pc=0x00000000032fec97)
0x00000000032fec77:   00 00 00 00 00 00 00 00 00 00 00 00 00 00 00 00
0x00000000032fec87:   00 02 00 0e 00 00 00 01 00 8b 42 08 48 c1 e0 03
0x00000000032fec97:   48 8b 98 c8 01 00 00 ff 63 40 00 00 00 00 00 00
0x00000000032feca7:   00 00 00 00 00 00 00 00 00 00 00 00 00 00 00 00 


Register to memory mapping:

RAX=0x00000000ba867400 is an unallocated location in the heap
RBX={method} {0x00000000173b7088} 'valueOf' '(Ljava/lang/Object;)Ljava/lang/String;' in 'java/lang/String'
RCX=0x000000001750ce80 is pointing into metadata
RDX=0x00000000030ef588 is pointing into the stack for thread: 0x00000000030f4800
RSP=0x00000000030ef518 is pointing into the stack for thread: 0x00000000030f4800
RBP=0x00000000030ef5b8 is pointing into the stack for thread: 0x00000000030f4800
RSI=0x0000000000000000 is an unknown value
RDI=0x000000010023e680 is pointing into metadata
R8 =0x0000000000000004 is an unknown value
R9 =0x0000000002ee8030 is an unknown value
R10=0x000000006d2dd7b0 is an unknown value
R11=0x0000000003449da0 is at entry_point+0 in (nmethod*)0x0000000003449c50
R12=0x0000000000000000 is an unknown value
R13=0x00000000030ef570 is pointing into the stack for thread: 0x00000000030f4800
R14=0x00000000030ef5e8 is pointing into the stack for thread: 0x00000000030f4800
R15=0x00000000030f4800 is a thread


Stack: [0x0000000002ff0000,0x00000000030f0000],  sp=0x00000000030ef518,  free space=1021k
Native frames: (J=compiled Java code, j=interpreted, Vv=VM code, C=native code)
C  0x00000000032fec97


---------------  P R O C E S S  ---------------

Java Threads: ( => current thread )
  0x000000001bc93800 JavaThread "http-nio-8081-AsyncTimeout" daemon [_thread_blocked, id=19396, stack(0x000000001e030000,0x000000001e130000)]
  0x000000001bc8f000 JavaThread "http-nio-8081-Acceptor-0" daemon [_thread_in_native, id=20528, stack(0x000000001df30000,0x000000001e030000)]
  0x000000001bc73000 JavaThread "http-nio-8081-ClientPoller-1" daemon [_thread_in_native, id=14680, stack(0x000000001de30000,0x000000001df30000)]
  0x000000001bc72000 JavaThread "http-nio-8081-ClientPoller-0" daemon [_thread_in_native, id=23952, stack(0x000000001dd30000,0x000000001de30000)]
  0x000000001bc74800 JavaThread "http-nio-8081-exec-10" daemon [_thread_blocked, id=22228, stack(0x000000001dc30000,0x000000001dd30000)]
  0x000000001bc79000 JavaThread "http-nio-8081-exec-9" daemon [_thread_blocked, id=6500, stack(0x000000001db30000,0x000000001dc30000)]
  0x000000001bc73800 JavaThread "http-nio-8081-exec-8" daemon [_thread_blocked, id=21264, stack(0x000000001da30000,0x000000001db30000)]
  0x000000001bc78000 JavaThread "http-nio-8081-exec-7" daemon [_thread_blocked, id=24364, stack(0x000000001d830000,0x000000001d930000)]
  0x000000001bc77800 JavaThread "http-nio-8081-exec-6" daemon [_thread_blocked, id=23988, stack(0x000000001d730000,0x000000001d830000)]
  0x000000001bc75000 JavaThread "http-nio-8081-exec-5" daemon [_thread_blocked, id=12664, stack(0x000000001d630000,0x000000001d730000)]
  0x000000001bc76800 JavaThread "http-nio-8081-exec-4" daemon [_thread_blocked, id=19312, stack(0x000000001d530000,0x000000001d630000)]
  0x000000001bc76000 JavaThread "http-nio-8081-exec-3" daemon [_thread_blocked, id=21600, stack(0x000000001d430000,0x000000001d530000)]
  0x000000001bc71800 JavaThread "http-nio-8081-exec-2" daemon [_thread_blocked, id=13672, stack(0x000000001d330000,0x000000001d430000)]
  0x000000001bc25800 JavaThread "http-nio-8081-exec-1" daemon [_thread_blocked, id=6056, stack(0x000000001d230000,0x000000001d330000)]
  0x000000001bc24800 JavaThread "NioBlockingSelector.BlockPoller-1" daemon [_thread_in_native, id=23572, stack(0x000000001d130000,0x000000001d230000)]
  0x000000001bb0b000 JavaThread "container-0" [_thread_blocked, id=22988, stack(0x000000001ce30000,0x000000001cf30000)]
  0x000000001bb0a800 JavaThread "ContainerBackgroundProcessor[StandardEngine[Tomcat]]" daemon [_thread_blocked, id=12896, stack(0x000000001cd30000,0x000000001ce30000)]
  0x000000001ba63000 JavaThread "localhost-startStop-1" daemon [_thread_blocked, id=23328, stack(0x000000001ca30000,0x000000001cb30000)]
  0x000000001ba5a000 JavaThread "Tomcat-startStop-1" daemon [_thread_blocked, id=19176, stack(0x000000001a960000,0x000000001aa60000)]
  0x0000000019c49800 JavaThread "RMI TCP Accept-0" daemon [_thread_in_native, id=4048, stack(0x000000001a4b0000,0x000000001a5b0000)]
  0x0000000019bd9800 JavaThread "RMI TCP Accept-9991" daemon [_thread_in_native, id=24352, stack(0x000000001a3b0000,0x000000001a4b0000)]
  0x0000000019bc3800 JavaThread "RMI TCP Accept-0" daemon [_thread_in_native, id=15404, stack(0x000000001a2b0000,0x000000001a3b0000)]
  0x0000000019130000 JavaThread "Service Thread" daemon [_thread_blocked, id=24208, stack(0x00000000199b0000,0x0000000019ab0000)]
  0x0000000019113000 JavaThread "C1 CompilerThread2" daemon [_thread_blocked, id=22516, stack(0x00000000198b0000,0x00000000199b0000)]
  0x0000000017dae800 JavaThread "C2 CompilerThread1" daemon [_thread_blocked, id=14604, stack(0x00000000197b0000,0x00000000198b0000)]
  0x0000000017d78000 JavaThread "C2 CompilerThread0" daemon [_thread_blocked, id=3536, stack(0x00000000196b0000,0x00000000197b0000)]
  0x00000000190f3800 JavaThread "Attach Listener" daemon [_thread_blocked, id=22188, stack(0x00000000195b0000,0x00000000196b0000)]
  0x0000000017d65800 JavaThread "Signal Dispatcher" daemon [_thread_blocked, id=3448, stack(0x00000000194b0000,0x00000000195b0000)]
  0x00000000031ed800 JavaThread "Finalizer" daemon [_thread_blocked, id=1360, stack(0x0000000018fb0000,0x00000000190b0000)]
  0x00000000031e5000 JavaThread "Reference Handler" daemon [_thread_blocked, id=21136, stack(0x0000000018eb0000,0x0000000018fb0000)]
=>0x00000000030f4800 JavaThread "main" [_thread_in_Java, id=22656, stack(0x0000000002ff0000,0x00000000030f0000)]

Other Threads:
  0x0000000017d17800 VMThread [stack: 0x0000000018db0000,0x0000000018eb0000] [id=23508]
  0x0000000019c03800 WatcherThread [stack: 0x000000001a5b0000,0x000000001a6b0000] [id=18132]

VM state:not at safepoint (normal execution)

VM Mutex/Monitor currently owned by a thread: None

heap address: 0x0000000081600000, size: 2026 MB, Compressed Oops mode: 32-bit
Narrow klass base: 0x0000000000000000, Narrow klass shift: 3
Compressed class space size: 1073741824 Address: 0x0000000100000000

Heap:
 PSYoungGen      total 208896K, used 15972K [0x00000000d5d00000, 0x00000000e4e80000, 0x0000000100000000)
  eden space 194560K, 8% used [0x00000000d5d00000,0x00000000d6c992a8,0x00000000e1b00000)
  from space 14336K, 0% used [0x00000000e2980000,0x00000000e2980000,0x00000000e3780000)
  to   space 14848K, 0% used [0x00000000e1b00000,0x00000000e1b00000,0x00000000e2980000)
 ParOldGen       total 68608K, used 17400K [0x0000000081600000, 0x0000000085900000, 0x00000000d5d00000)
  object space 68608K, 25% used [0x0000000081600000,0x00000000826fe1a0,0x0000000085900000)
 Metaspace       used 35195K, capacity 36596K, committed 36864K, reserved 1081344K
  class space    used 4820K, capacity 5092K, committed 5120K, reserved 1048576K

Card table byte_map: [0x00000000125b0000,0x00000000129b0000] byte_map_base: 0x00000000121a5000

Marking Bits: (ParMarkBitMap*) 0x000000006d2fbe30
 Begin Bits: [0x0000000013060000, 0x0000000015008000)
 End Bits:   [0x0000000015008000, 0x0000000016fb0000)

Polling page: 0x0000000000bb0000

CodeCache: size=245760Kb used=7073Kb max_used=7073Kb free=238686Kb
 bounds [0x00000000031f0000, 0x00000000038e0000, 0x00000000121f0000]
 total_blobs=3739 nmethods=3278 adapters=373
 compilation: enabled

Compilation events (10 events):
Event: 6.294 Thread 0x0000000019113000 3274       1       sun.reflect.DelegatingMethodAccessorImpl::setDelegate (6 bytes)
Event: 6.294 Thread 0x0000000019113000 nmethod 3274 0x00000000038d7150 code [0x00000000038d72a0, 0x00000000038d73d0]
Event: 6.297 Thread 0x0000000019113000 3275       1       net.bytebuddy.description.type.TypeDescription$Generic$OfNonGenericType$ForLoadedType::asErasure (12 bytes)
Event: 6.297 Thread 0x0000000019113000 nmethod 3275 0x00000000038d7410 code [0x00000000038d7560, 0x00000000038d76d0]
Event: 6.298 Thread 0x0000000019113000 3276       1       net.bytebuddy.description.type.TypeList$Generic$Explicit::size (10 bytes)
Event: 6.298 Thread 0x0000000019113000 nmethod 3276 0x00000000038d7750 code [0x00000000038d78a0, 0x00000000038d79e8]
Event: 6.298 Thread 0x0000000019113000 3277       1       net.bytebuddy.description.method.ParameterList$ForLoadedExecutable::size (13 bytes)
Event: 6.298 Thread 0x0000000019113000 nmethod 3277 0x00000000038d7a50 code [0x00000000038d7ba0, 0x00000000038d7ce8]
Event: 6.298 Thread 0x0000000019113000 3278   !   1       net.bytebuddy.description.method.ParameterList$ForLoadedExecutable$Dispatcher$ForJava8CapableVm::getParameterCount (46 bytes)
Event: 6.298 Thread 0x0000000019113000 nmethod 3278 0x00000000038d7d50 code [0x00000000038d7f00, 0x00000000038d8298]

GC Heap History (10 events):
Event: 4.423 GC heap before
{Heap before GC invocations=6 (full 1):
 PSYoungGen      total 71680K, used 66560K [0x00000000d5d00000, 0x00000000da800000, 0x0000000100000000)
  eden space 66560K, 100% used [0x00000000d5d00000,0x00000000d9e00000,0x00000000d9e00000)
  from space 5120K, 0% used [0x00000000da300000,0x00000000da300000,0x00000000da800000)
  to   space 5120K, 0% used [0x00000000d9e00000,0x00000000d9e00000,0x00000000da300000)
 ParOldGen       total 49664K, used 5702K [0x0000000081600000, 0x0000000084680000, 0x00000000d5d00000)
  object space 49664K, 11% used [0x0000000081600000,0x0000000081b91960,0x0000000084680000)
 Metaspace       used 24089K, capacity 24872K, committed 24960K, reserved 1071104K
  class space    used 3237K, capacity 3430K, committed 3456K, reserved 1048576K
Event: 4.432 GC heap after
Heap after GC invocations=6 (full 1):
 PSYoungGen      total 71680K, used 5114K [0x00000000d5d00000, 0x00000000ddf80000, 0x0000000100000000)
  eden space 66560K, 0% used [0x00000000d5d00000,0x00000000d5d00000,0x00000000d9e00000)
  from space 5120K, 99% used [0x00000000d9e00000,0x00000000da2fe8a8,0x00000000da300000)
  to   space 8192K, 0% used [0x00000000dd780000,0x00000000dd780000,0x00000000ddf80000)
 ParOldGen       total 49664K, used 6944K [0x0000000081600000, 0x0000000084680000, 0x00000000d5d00000)
  object space 49664K, 13% used [0x0000000081600000,0x0000000081cc8080,0x0000000084680000)
 Metaspace       used 24089K, capacity 24872K, committed 24960K, reserved 1071104K
  class space    used 3237K, capacity 3430K, committed 3456K, reserved 1048576K
}
Event: 5.140 GC heap before
{Heap before GC invocations=7 (full 1):
 PSYoungGen      total 71680K, used 71674K [0x00000000d5d00000, 0x00000000ddf80000, 0x0000000100000000)
  eden space 66560K, 100% used [0x00000000d5d00000,0x00000000d9e00000,0x00000000d9e00000)
  from space 5120K, 99% used [0x00000000d9e00000,0x00000000da2fe8a8,0x00000000da300000)
  to   space 8192K, 0% used [0x00000000dd780000,0x00000000dd780000,0x00000000ddf80000)
 ParOldGen       total 49664K, used 6944K [0x0000000081600000, 0x0000000084680000, 0x00000000d5d00000)
  object space 49664K, 13% used [0x0000000081600000,0x0000000081cc8080,0x0000000084680000)
 Metaspace       used 29209K, capacity 30470K, committed 30592K, reserved 1075200K
  class space    used 3915K, capacity 4185K, committed 4224K, reserved 1048576K
Event: 5.151 GC heap after
Heap after GC invocations=7 (full 1):
 PSYoungGen      total 121856K, used 8176K [0x00000000d5d00000, 0x00000000de500000, 0x0000000100000000)
  eden space 113664K, 0% used [0x00000000d5d00000,0x00000000d5d00000,0x00000000dcc00000)
  from space 8192K, 99% used [0x00000000dd780000,0x00000000ddf7c140,0x00000000ddf80000)
  to   space 11776K, 0% used [0x00000000dcc00000,0x00000000dcc00000,0x00000000dd780000)
 ParOldGen       total 49664K, used 11639K [0x0000000081600000, 0x0000000084680000, 0x00000000d5d00000)
  object space 49664K, 23% used [0x0000000081600000,0x000000008215dff8,0x0000000084680000)
 Metaspace       used 29209K, capacity 30470K, committed 30592K, reserved 1075200K
  class space    used 3915K, capacity 4185K, committed 4224K, reserved 1048576K
}
Event: 6.072 GC heap before
{Heap before GC invocations=8 (full 1):
 PSYoungGen      total 121856K, used 121840K [0x00000000d5d00000, 0x00000000de500000, 0x0000000100000000)
  eden space 113664K, 100% used [0x00000000d5d00000,0x00000000dcc00000,0x00000000dcc00000)
  from space 8192K, 99% used [0x00000000dd780000,0x00000000ddf7c140,0x00000000ddf80000)
  to   space 11776K, 0% used [0x00000000dcc00000,0x00000000dcc00000,0x00000000dd780000)
 ParOldGen       total 49664K, used 11639K [0x0000000081600000, 0x0000000084680000, 0x00000000d5d00000)
  object space 49664K, 23% used [0x0000000081600000,0x000000008215dff8,0x0000000084680000)
 Metaspace       used 33686K, capacity 35086K, committed 35328K, reserved 1079296K
  class space    used 4516K, capacity 4803K, committed 4864K, reserved 1048576K
Event: 6.089 GC heap after
Heap after GC invocations=8 (full 1):
 PSYoungGen      total 125440K, used 11764K [0x00000000d5d00000, 0x00000000e3780000, 0x0000000100000000)
  eden space 113664K, 0% used [0x00000000d5d00000,0x00000000d5d00000,0x00000000dcc00000)
  from space 11776K, 99% used [0x00000000dcc00000,0x00000000dd77d040,0x00000000dd780000)
  to   space 14336K, 0% used [0x00000000e2980000,0x00000000e2980000,0x00000000e3780000)
 ParOldGen       total 49664K, used 14140K [0x0000000081600000, 0x0000000084680000, 0x00000000d5d00000)
  object space 49664K, 28% used [0x0000000081600000,0x00000000823cf320,0x0000000084680000)
 Metaspace       used 33686K, capacity 35086K, committed 35328K, reserved 1079296K
  class space    used 4516K, capacity 4803K, committed 4864K, reserved 1048576K
}
Event: 6.114 GC heap before
{Heap before GC invocations=9 (full 1):
 PSYoungGen      total 125440K, used 15461K [0x00000000d5d00000, 0x00000000e3780000, 0x0000000100000000)
  eden space 113664K, 3% used [0x00000000d5d00000,0x00000000d609c590,0x00000000dcc00000)
  from space 11776K, 99% used [0x00000000dcc00000,0x00000000dd77d040,0x00000000dd780000)
  to   space 14336K, 0% used [0x00000000e2980000,0x00000000e2980000,0x00000000e3780000)
 ParOldGen       total 49664K, used 14140K [0x0000000081600000, 0x0000000084680000, 0x00000000d5d00000)
  object space 49664K, 28% used [0x0000000081600000,0x00000000823cf320,0x0000000084680000)
 Metaspace       used 33958K, capacity 35374K, committed 35496K, reserved 1079296K
  class space    used 4565K, capacity 4835K, committed 4864K, reserved 1048576K
Event: 6.128 GC heap after
Heap after GC invocations=9 (full 1):
 PSYoungGen      total 208896K, used 10856K [0x00000000d5d00000, 0x00000000e4e80000, 0x0000000100000000)
  eden space 194560K, 0% used [0x00000000d5d00000,0x00000000d5d00000,0x00000000e1b00000)
  from space 14336K, 75% used [0x00000000e2980000,0x00000000e341a1a8,0x00000000e3780000)
  to   space 14848K, 0% used [0x00000000e1b00000,0x00000000e1b00000,0x00000000e2980000)
 ParOldGen       total 49664K, used 14140K [0x0000000081600000, 0x0000000084680000, 0x00000000d5d00000)
  object space 49664K, 28% used [0x0000000081600000,0x00000000823cf320,0x0000000084680000)
 Metaspace       used 33958K, capacity 35374K, committed 35496K, reserved 1079296K
  class space    used 4565K, capacity 4835K, committed 4864K, reserved 1048576K
}
Event: 6.128 GC heap before
{Heap before GC invocations=10 (full 2):
 PSYoungGen      total 208896K, used 10856K [0x00000000d5d00000, 0x00000000e4e80000, 0x0000000100000000)
  eden space 194560K, 0% used [0x00000000d5d00000,0x00000000d5d00000,0x00000000e1b00000)
  from space 14336K, 75% used [0x00000000e2980000,0x00000000e341a1a8,0x00000000e3780000)
  to   space 14848K, 0% used [0x00000000e1b00000,0x00000000e1b00000,0x00000000e2980000)
 ParOldGen       total 49664K, used 14140K [0x0000000081600000, 0x0000000084680000, 0x00000000d5d00000)
  object space 49664K, 28% used [0x0000000081600000,0x00000000823cf320,0x0000000084680000)
 Metaspace       used 33958K, capacity 35374K, committed 35496K, reserved 1079296K
  class space    used 4565K, capacity 4835K, committed 4864K, reserved 1048576K
Event: 6.187 GC heap after
Heap after GC invocations=10 (full 2):
 PSYoungGen      total 208896K, used 0K [0x00000000d5d00000, 0x00000000e4e80000, 0x0000000100000000)
  eden space 194560K, 0% used [0x00000000d5d00000,0x00000000d5d00000,0x00000000e1b00000)
  from space 14336K, 0% used [0x00000000e2980000,0x00000000e2980000,0x00000000e3780000)
  to   space 14848K, 0% used [0x00000000e1b00000,0x00000000e1b00000,0x00000000e2980000)
 ParOldGen       total 68608K, used 17400K [0x0000000081600000, 0x0000000085900000, 0x00000000d5d00000)
  object space 68608K, 25% used [0x0000000081600000,0x00000000826fe1a0,0x0000000085900000)
 Metaspace       used 33958K, capacity 35374K, committed 35496K, reserved 1079296K
  class space    used 4565K, capacity 4835K, committed 4864K, reserved 1048576K
}

Deoptimization events (0 events):
No events

Classes redefined (0 events):
No events

Internal exceptions (10 events):
Event: 5.940 Thread 0x00000000030f4800 Exception <a 'java/lang/ArrayIndexOutOfBoundsException'> (0x00000000dbf8ccd0) thrown at [C:\ade\jenkins\workspace\8-2-build-windows-amd64-cygwin\jdk8u241\331\hotspot\src\share\vm\runtime\sharedRuntime.cpp, line 605]
Event: 5.940 Thread 0x00000000030f4800 Exception <a 'java/lang/ArrayIndexOutOfBoundsException'> (0x00000000dbf8eff0) thrown at [C:\ade\jenkins\workspace\8-2-build-windows-amd64-cygwin\jdk8u241\331\hotspot\src\share\vm\runtime\sharedRuntime.cpp, line 605]
Event: 5.940 Thread 0x00000000030f4800 Exception <a 'java/lang/ArrayIndexOutOfBoundsException'> (0x00000000dbf92f80) thrown at [C:\ade\jenkins\workspace\8-2-build-windows-amd64-cygwin\jdk8u241\331\hotspot\src\share\vm\runtime\sharedRuntime.cpp, line 605]
Event: 5.940 Thread 0x00000000030f4800 Exception <a 'java/lang/ArrayIndexOutOfBoundsException'> (0x00000000dbf96ae0) thrown at [C:\ade\jenkins\workspace\8-2-build-windows-amd64-cygwin\jdk8u241\331\hotspot\src\share\vm\runtime\sharedRuntime.cpp, line 605]
Event: 5.947 Thread 0x00000000030f4800 Exception <a 'java/lang/ArrayIndexOutOfBoundsException'> (0x00000000dc06f838) thrown at [C:\ade\jenkins\workspace\8-2-build-windows-amd64-cygwin\jdk8u241\331\hotspot\src\share\vm\runtime\sharedRuntime.cpp, line 605]
Event: 5.947 Thread 0x00000000030f4800 Exception <a 'java/lang/ArrayIndexOutOfBoundsException'> (0x00000000dc070f98) thrown at [C:\ade\jenkins\workspace\8-2-build-windows-amd64-cygwin\jdk8u241\331\hotspot\src\share\vm\runtime\sharedRuntime.cpp, line 605]
Event: 5.962 Thread 0x00000000030f4800 Exception <a 'java/lang/ArrayIndexOutOfBoundsException'> (0x00000000dc1f72a8) thrown at [C:\ade\jenkins\workspace\8-2-build-windows-amd64-cygwin\jdk8u241\331\hotspot\src\share\vm\runtime\sharedRuntime.cpp, line 605]
Event: 5.962 Thread 0x00000000030f4800 Exception <a 'java/lang/ArrayIndexOutOfBoundsException'> (0x00000000dc1f8268) thrown at [C:\ade\jenkins\workspace\8-2-build-windows-amd64-cygwin\jdk8u241\331\hotspot\src\share\vm\runtime\sharedRuntime.cpp, line 605]
Event: 6.246 Thread 0x00000000030f4800 Exception <a 'java/lang/ArrayIndexOutOfBoundsException'> (0x00000000d63c90e0) thrown at [C:\ade\jenkins\workspace\8-2-build-windows-amd64-cygwin\jdk8u241\331\hotspot\src\share\vm\runtime\sharedRuntime.cpp, line 605]
Event: 6.298 Thread 0x00000000030f4800 Exception <a 'java/lang/ArrayIndexOutOfBoundsException'> (0x00000000d6958338) thrown at [C:\ade\jenkins\workspace\8-2-build-windows-amd64-cygwin\jdk8u241\331\hotspot\src\share\vm\runtime\sharedRuntime.cpp, line 605]

Events (10 events):
Event: 6.316 loading class net/bytebuddy/dynamic/loading/ClassInjector$UsingReflection$Dispatcher
Event: 6.316 loading class net/bytebuddy/dynamic/loading/ClassInjector$UsingReflection$Dispatcher done
Event: 6.316 loading class net/bytebuddy/dynamic/loading/ClassInjector$UsingReflection$Dispatcher$Initializable
Event: 6.316 loading class net/bytebuddy/dynamic/loading/ClassInjector$UsingReflection$Dispatcher$Initializable done
Event: 6.317 loading class net/bytebuddy/dynamic/loading/ClassInjector$UsingReflection$Dispatcher$Direct$ForJava7CapableVm
Event: 6.317 loading class net/bytebuddy/dynamic/loading/ClassInjector$UsingReflection$Dispatcher$Direct$ForJava7CapableVm done
Event: 6.317 loading class net/bytebuddy/dynamic/loading/PackageDefinitionStrategy$Definition$Undefined
Event: 6.317 loading class net/bytebuddy/dynamic/loading/PackageDefinitionStrategy$Definition$Undefined done
Event: 6.318 loading class net/bytebuddy/dynamic/loading/PackageDefinitionStrategy$Definition
Event: 6.318 loading class net/bytebuddy/dynamic/loading/PackageDefinitionStrategy$Definition done


Dynamic libraries:
0x00007ff69dad0000 - 0x00007ff69db07000 	C:\Program Files\Java\jdk1.8.0_241\bin\javaw.exe
0x00007ffb8b740000 - 0x00007ffb8b930000 	C:\WINDOWS\SYSTEM32\ntdll.dll
0x00007ffb8b5e0000 - 0x00007ffb8b692000 	C:\WINDOWS\System32\KERNEL32.DLL
0x00007ffb88850000 - 0x00007ffb88af5000 	C:\WINDOWS\System32\KERNELBASE.dll
0x00007ffb897f0000 - 0x00007ffb89893000 	C:\WINDOWS\System32\ADVAPI32.dll
0x00007ffb89e10000 - 0x00007ffb89eae000 	C:\WINDOWS\System32\msvcrt.dll
0x00007ffb8b060000 - 0x00007ffb8b0f7000 	C:\WINDOWS\System32\sechost.dll
0x00007ffb8a4c0000 - 0x00007ffb8a5e0000 	C:\WINDOWS\System32\RPCRT4.dll
0x00007ffb89be0000 - 0x00007ffb89d74000 	C:\WINDOWS\System32\USER32.dll
0x00007ffb88f10000 - 0x00007ffb88f31000 	C:\WINDOWS\System32\win32u.dll
0x00007ffb8b3a0000 - 0x00007ffb8b3c6000 	C:\WINDOWS\System32\GDI32.dll
0x00007ffb88b00000 - 0x00007ffb88c96000 	C:\WINDOWS\System32\gdi32full.dll
0x00007ffb88d20000 - 0x00007ffb88dbe000 	C:\WINDOWS\System32\msvcp_win.dll
0x00007ffb896d0000 - 0x00007ffb897ca000 	C:\WINDOWS\System32\ucrtbase.dll
0x00007ffb7a8e0000 - 0x00007ffb7ab64000 	C:\WINDOWS\WinSxS\amd64_microsoft.windows.common-controls_6595b64144ccf1df_6.0.18362.1256_none_9e7e379be45e40e2\COMCTL32.dll
0x00007ffb898a0000 - 0x00007ffb89bd6000 	C:\WINDOWS\System32\combase.dll
0x00007ffb88760000 - 0x00007ffb887e1000 	C:\WINDOWS\System32\bcryptPrimitives.dll
0x00007ffb8b160000 - 0x00007ffb8b18e000 	C:\WINDOWS\System32\IMM32.DLL
0x000000006dd50000 - 0x000000006de22000 	C:\Program Files\Java\jdk1.8.0_241\jre\bin\msvcr100.dll
0x000000006cad0000 - 0x000000006d37c000 	C:\Program Files\Java\jdk1.8.0_241\jre\bin\server\jvm.dll
0x00007ffb8a5e0000 - 0x00007ffb8a5e8000 	C:\WINDOWS\System32\PSAPI.DLL
0x00007ffb6c7a0000 - 0x00007ffb6c7a9000 	C:\WINDOWS\SYSTEM32\WSOCK32.dll
0x00007ffb7bfc0000 - 0x00007ffb7bfca000 	C:\WINDOWS\SYSTEM32\VERSION.dll
0x00007ffb85cc0000 - 0x00007ffb85ce4000 	C:\WINDOWS\SYSTEM32\WINMM.dll
0x00007ffb89d80000 - 0x00007ffb89def000 	C:\WINDOWS\System32\WS2_32.dll
0x00007ffb85c90000 - 0x00007ffb85cbd000 	C:\WINDOWS\SYSTEM32\WINMMBASE.dll
0x00007ffb88cd0000 - 0x00007ffb88d1a000 	C:\WINDOWS\System32\cfgmgr32.dll
0x00007ffb82b20000 - 0x00007ffb82b2f000 	C:\Program Files\Java\jdk1.8.0_241\jre\bin\verify.dll
0x00007ffb65f80000 - 0x00007ffb65fa9000 	C:\Program Files\Java\jdk1.8.0_241\jre\bin\java.dll
0x00007ffb6b430000 - 0x00007ffb6b446000 	C:\Program Files\Java\jdk1.8.0_241\jre\bin\zip.dll
0x00007ffb8a7c0000 - 0x00007ffb8aea7000 	C:\WINDOWS\System32\SHELL32.dll
0x00007ffb8b190000 - 0x00007ffb8b239000 	C:\WINDOWS\System32\shcore.dll
0x00007ffb88f40000 - 0x00007ffb896c1000 	C:\WINDOWS\System32\windows.storage.dll
0x00007ffb88680000 - 0x00007ffb886a3000 	C:\WINDOWS\System32\profapi.dll
0x00007ffb88630000 - 0x00007ffb8867a000 	C:\WINDOWS\System32\powrprof.dll
0x00007ffb885e0000 - 0x00007ffb885f0000 	C:\WINDOWS\System32\UMPDC.dll
0x00007ffb8b100000 - 0x00007ffb8b152000 	C:\WINDOWS\System32\shlwapi.dll
0x00007ffb88610000 - 0x00007ffb88621000 	C:\WINDOWS\System32\kernel.appcore.dll
0x00007ffb897d0000 - 0x00007ffb897e7000 	C:\WINDOWS\System32\cryptsp.dll
0x00007ffb82400000 - 0x00007ffb8240d000 	C:\Program Files\Java\jdk1.8.0_241\jre\bin\management.dll
0x00007ffb69950000 - 0x00007ffb6996a000 	C:\Program Files\Java\jdk1.8.0_241\jre\bin\net.dll
0x00007ffb87e30000 - 0x00007ffb87e97000 	C:\WINDOWS\system32\mswsock.dll
0x00007ffb65f60000 - 0x00007ffb65f72000 	C:\Program Files\Java\jdk1.8.0_241\jre\bin\nio.dll
0x00007ffb605e0000 - 0x00007ffb605f6000 	C:\WINDOWS\system32\napinsp.dll
0x00007ffb605c0000 - 0x00007ffb605da000 	C:\WINDOWS\system32\pnrpnsp.dll
0x00007ffb87b90000 - 0x00007ffb87c5b000 	C:\WINDOWS\SYSTEM32\DNSAPI.dll
0x00007ffb8a4b0000 - 0x00007ffb8a4b8000 	C:\WINDOWS\System32\NSI.dll
0x00007ffb87b40000 - 0x00007ffb87b7a000 	C:\WINDOWS\SYSTEM32\IPHLPAPI.DLL
0x00007ffb71050000 - 0x00007ffb7105e000 	C:\WINDOWS\System32\winrnr.dll
0x00007ffb84ae0000 - 0x00007ffb84afc000 	C:\WINDOWS\system32\NLAapi.dll
0x00007ffb82ce0000 - 0x00007ffb82cf5000 	C:\WINDOWS\system32\wshbth.dll
0x00007ffb80c20000 - 0x00007ffb80c2a000 	C:\Windows\System32\rasadhlp.dll
0x00007ffb7bb50000 - 0x00007ffb7bbc7000 	C:\WINDOWS\System32\fwpuclnt.dll
0x00007ffb88ca0000 - 0x00007ffb88cc6000 	C:\WINDOWS\System32\bcrypt.dll
0x00007ffb879a0000 - 0x00007ffb879d3000 	C:\WINDOWS\system32\rsaenh.dll
0x00007ffb88500000 - 0x00007ffb88525000 	C:\WINDOWS\SYSTEM32\USERENV.dll
0x00007ffb88000000 - 0x00007ffb8800c000 	C:\WINDOWS\SYSTEM32\CRYPTBASE.dll
0x00007ffb7c030000 - 0x00007ffb7c046000 	C:\WINDOWS\SYSTEM32\dhcpcsvc6.DLL
0x00007ffb7e8d0000 - 0x00007ffb7e8ec000 	C:\WINDOWS\SYSTEM32\dhcpcsvc.DLL
0x00007ffb755b0000 - 0x00007ffb757a4000 	C:\WINDOWS\SYSTEM32\dbghelp.dll

VM Arguments:
jvm_args: -Dcom.sun.management.jmxremote -Dcom.sun.management.jmxremote.port=9991 -Dcom.sun.management.jmxremote.authenticate=false -Dcom.sun.management.jmxremote.ssl=false -Djava.rmi.server.hostname=localhost -Dspring.liveBeansView.mbeanDomain -Dspring.application.admin.enabled=true -Xverify:none -XX:TieredStopAtLevel=1 -Dfile.encoding=UTF-8 
java_command: io.kimmking.rpcfx.demo.consumer.RpcfxClientApplication
java_class_path (initial): C:\Users\Master_PeiXU\Desktop\JavaCourseCodes\07rpc\rpc01\rpcfx-demo-consumer\target\classes;C:\Users\Master_PeiXU\Desktop\JavaCourseCodes\07rpc\rpc01\rpcfx-core\target\classes;C:\Users\Master_PeiXU\.m2\repository\com\alibaba\fastjson\1.2.70\fastjson-1.2.70.jar;C:\Users\Master_PeiXU\.m2\repository\com\squareup\okhttp3\okhttp\3.12.2\okhttp-3.12.2.jar;C:\Users\Master_PeiXU\.m2\repository\com\squareup\okio\okio\1.15.0\okio-1.15.0.jar;C:\Users\Master_PeiXU\.m2\repository\org\projectlombok\lombok\1.16.22\lombok-1.16.22.jar;C:\Users\Master_PeiXU\.m2\repository\org\javassist\javassist\3.25.0-GA\javassist-3.25.0-GA.jar;C:\Users\Master_PeiXU\Desktop\JavaCourseCodes\07rpc\rpc01\rpcfx-demo-api\target\classes;C:\Users\Master_PeiXU\.m2\repository\org\springframework\boot\spring-boot-starter\2.0.9.RELEASE\spring-boot-starter-2.0.9.RELEASE.jar;C:\Users\Master_PeiXU\.m2\repository\org\springframework\boot\spring-boot\2.0.9.RELEASE\spring-boot-2.0.9.RELEASE.jar;C:\Users\Master_PeiXU\.m2\repository\org\springframework\spring-context\5.0.13.RELEASE\spring-context-5.0.13.RELEASE.jar;C:\Users\Master_PeiXU\.m2\repository\org\springframework\boot\spring-boot-autoconfigure\2.0.9.RELEASE\spring-boot-autoconfigure-2.0.9.RELEASE.jar;C:\Users\Master_PeiXU\.m2\repository\org\springframework\boot\spring-boot-starter-logging\2.0.9.RELEASE\spring-boot-starter-logging-2.0.9.RELEASE.jar;C:\Users\Master_PeiXU\.m2\repository\ch\qos\logback\logback-classic\1.2.3\logback-classic-1.2.3.jar;C:\Users\Master_PeiXU\.m2\repository\ch\qos\logback\logback-core\1.2.3\logback-core-1.2.3.jar;C:\Users\Master_PeiXU\.m2\repository\org\apache\logging\log4j\log4j-to-slf4j\2.10.0\log4j-to-slf4j-2.10.0.jar;C:\Users\Master_PeiXU\.m2\repository\org\apache\logging\log4j\log4j-api\2.10.0\log4j-api-2.10.0.jar;C:\Users\Master_PeiXU\.m2\repository\org\slf4j\jul-to-slf4j\1.7.26\jul-to-slf4j-1.7.26.jar;C:\Users\Master_PeiXU\.m2\repository\javax\annotation\javax.annotation-api\1.3.2\javax.annotation-ap
Launcher Type: SUN_STANDARD

Environment Variables:
JAVA_HOME=C:\Program Files\Java\jdk1.8.0_191
CLASSPATH=.;C:\Program Files\Java\jdk1.8.0_191\lib;C:\Program Files\Java\jdk1.8.0_191\lib\dt.jar;C:\Program Files\Java\jdk1.8.0_191\lib\tools.jar
PATH=C:/Program Files/Java/jdk1.8.0_191/bin/../jre/bin/server;C:/Program Files/Java/jdk1.8.0_191/bin/../jre/bin;C:/Program Files/Java/jdk1.8.0_191/bin/../jre/lib/amd64;C:\Program Files (x86)\NetSarang\Xshell 6\;C:\Program Files (x86)\NetSarang\Xftp 6\;C:\Windows\system32;C:\Windows;C:\Windows\System32\Wbem;C:\Windows\System32\WindowsPowerShell\v1.0\;C:\Program Files (x86)\NVIDIA Corporation\PhysX\Common;C:\Program Files\Intel\WiFi\bin\;C:\Program Files\Common Files\Intel\WirelessCommon\;C:\WINDOWS\system32;C:\WINDOWS;C:\WINDOWS\System32\Wbem;C:\WINDOWS\System32\WindowsPowerShell\v1.0\;C:\WINDOWS\System32\OpenSSH\;C:\Program Files\Java\jdk1.8.0_191\bin;C:\Program Files\Java\jdk1.8.0_191\jre\bin;"C:\Users\Master_PeiXU\Documents\apache-tomcat-7.0.92\lib;C:\Users\Master_PeiXU\Documents\apache-tomcat-7.0.92\bin";C:\Program Files\Microsoft SQL Server\130\Tools\Binn\;C:\Program Files\dotnet\;C:\Users\Master_PeiXU\Documents\apache-maven-3.6.2\bin;C:\Program Files\Git\cmd;C:\Program Files\erl10.5\bin;C:\Program Files\RabbitMQ Server\rabbitmq_server-3.8.1\sbin;C:\Program Files\nodejs\;C:\ProgramData\chocolatey\bin;C:\Users\Master_PeiXU\AppData\Local\Programs\Python\Python38\Scripts\;C:\Users\Master_PeiXU\AppData\Local\Programs\Python\Python38\;C:\Users\Master_PeiXU\AppData\Local\Microsoft\WindowsApps;;C:\Program Files\JetBrains\IntelliJ IDEA 2018.3.1\bin;C:\Users\Master_PeiXU\AppData\Local\Programs\Fiddler;C:\Users\Master_PeiXU\AppData\Roaming\npm;%USERPROFILE%\AppData\Local\Microsoft\WindowsApps;C:\Users\Master_PeiXU\Documents\eclipse-jee-oxygen-R-win32-x86_64\eclipse;
USERNAME=Master_PeiXU
OS=Windows_NT
PROCESSOR_IDENTIFIER=Intel64 Family 6 Model 142 Stepping 9, GenuineIntel



---------------  S Y S T E M  ---------------

OS: Windows 10.0 , 64 bit Build 18362 (10.0.18362.1110)

CPU:total 4 (initial active 4) (2 cores per cpu, 2 threads per core) family 6 model 142 stepping 9, cmov, cx8, fxsr, mmx, sse, sse2, sse3, ssse3, sse4.1, sse4.2, popcnt, avx, avx2, aes, clmul, erms, 3dnowpref, lzcnt, ht, tsc, tscinvbit, bmi1, bmi2, adx

Memory: 4k page, physical 8295652k(632552k free), swap 24548580k(10825144k free)

vm_info: Java HotSpot(TM) 64-Bit Server VM (25.241-b07) for windows-amd64 JRE (1.8.0_241-b07), built on Dec 11 2019 10:21:40 by "rejava" with MS VC++ 10.0 (VS2010)

time: Fri Dec 18 15:15:03 2020
timezone: 中国标准时间
elapsed time: 6 seconds (0d 0h 0m 6s)

